2019-02-22 15:57:30 [info][cw-gather/cmhga0] [
    'price' => '6414.50',
    'open' => '6380.00',
    'high' => '6425.50',
    'low' => '6359.00',
    'close' => '6380.00',
    'diff' => 34.5,
    'diff_rate' => '0.5408',
    'time' => '2019-02-22 15:57:23',
]
2019-02-22 15:57:31 [info][cw-gather/cmhga0] [
    'price' => '6414.50',
    'open' => '6380.00',
    'high' => '6425.50',
    'low' => '6359.00',
    'close' => '6380.00',
    'diff' => 34.5,
    'diff_rate' => '0.5408',
    'time' => '2019-02-22 15:57:23',
]
2019-02-22 15:57:32 [info][cw-gather/cmhga0] [
    'price' => '6414.50',
    'open' => '6380.00',
    'high' => '6425.50',
    'low' => '6359.00',
    'close' => '6380.00',
    'diff' => 34.5,
    'diff_rate' => '0.5408',
    'time' => '2019-02-22 15:57:23',
]
2019-02-22 15:57:33 [info][cw-gather/cmhga0] [
    'price' => '6414.50',
    'open' => '6380.00',
    'high' => '6425.50',
    'low' => '6359.00',
    'close' => '6380.00',
    'diff' => 34.5,
    'diff_rate' => '0.5408',
    'time' => '2019-02-22 15:57:23',
]
2019-02-22 15:57:35 [info][cw-gather/cmhga0] [
    'price' => '6414.50',
    'open' => '6380.00',
    'high' => '6425.50',
    'low' => '6359.00',
    'close' => '6380.00',
    'diff' => 34.5,
    'diff_rate' => '0.5408',
    'time' => '2019-02-22 15:57:23',
]
2019-02-22 15:57:36 [info][cw-gather/cmhga0] [
    'price' => '6414.50',
    'open' => '6380.00',
    'high' => '6425.50',
    'low' => '6359.00',
    'close' => '6380.00',
    'diff' => 34.5,
    'diff_rate' => '0.5408',
    'time' => '2019-02-22 15:57:23',
]
2019-02-22 15:57:37 [info][cw-gather/cmhga0] [
    'price' => '6414.50',
    'open' => '6380.00',
    'high' => '6425.50',
    'low' => '6359.00',
    'close' => '6380.00',
    'diff' => 34.5,
    'diff_rate' => '0.5408',
    'time' => '2019-02-22 15:57:23',
]
2019-02-22 15:57:39 [info][cw-gather/cmhga0] [
    'price' => '6416.00',
    'open' => '6380.00',
    'high' => '6425.50',
    'low' => '6359.00',
    'close' => '6380.00',
    'diff' => 36,
    'diff_rate' => '0.5643',
    'time' => '2019-02-22 15:57:35',
]
2019-02-22 15:57:41 [info][cw-gather/cmhga0] [
    'price' => '6416.00',
    'open' => '6380.00',
    'high' => '6425.50',
    'low' => '6359.00',
    'close' => '6380.00',
    'diff' => 36,
    'diff_rate' => '0.5643',
    'time' => '2019-02-22 15:57:35',
]
2019-02-22 15:57:42 [info][cw-gather/cmhga0] [
    'price' => '6416.00',
    'open' => '6380.00',
    'high' => '6425.50',
    'low' => '6359.00',
    'close' => '6380.00',
    'diff' => 36,
    'diff_rate' => '0.5643',
    'time' => '2019-02-22 15:57:35',
]
2019-02-22 15:57:42 [info][cw-gather/cmhga0] [
    'price' => '6416.00',
    'open' => '6380.00',
    'high' => '6425.50',
    'low' => '6359.00',
    'close' => '6380.00',
    'diff' => 36,
    'diff_rate' => '0.5643',
    'time' => '2019-02-22 15:57:35',
]
2019-02-22 15:57:43 [info][cw-gather/cmhga0] [
    'price' => '6416.00',
    'open' => '6380.00',
    'high' => '6425.50',
    'low' => '6359.00',
    'close' => '6380.00',
    'diff' => 36,
    'diff_rate' => '0.5643',
    'time' => '2019-02-22 15:57:35',
]
2019-02-22 15:57:45 [info][cw-gather/cmhga0] [
    'price' => '6416.00',
    'open' => '6380.00',
    'high' => '6425.50',
    'low' => '6359.00',
    'close' => '6380.00',
    'diff' => 36,
    'diff_rate' => '0.5643',
    'time' => '2019-02-22 15:57:42',
]
2019-02-22 15:57:46 [info][cw-gather/cmhga0] [
    'price' => '6416.00',
    'open' => '6380.00',
    'high' => '6425.50',
    'low' => '6359.00',
    'close' => '6380.00',
    'diff' => 36,
    'diff_rate' => '0.5643',
    'time' => '2019-02-22 15:57:42',
]
2019-02-22 15:57:48 [info][cw-gather/cmhga0] [
    'price' => '6416.00',
    'open' => '6380.00',
    'high' => '6425.50',
    'low' => '6359.00',
    'close' => '6380.00',
    'diff' => 36,
    'diff_rate' => '0.5643',
    'time' => '2019-02-22 15:57:42',
]
2019-02-22 15:57:49 [info][cw-gather/cmhga0] [
    'price' => '6416.00',
    'open' => '6380.00',
    'high' => '6425.50',
    'low' => '6359.00',
    'close' => '6380.00',
    'diff' => 36,
    'diff_rate' => '0.5643',
    'time' => '2019-02-22 15:57:42',
]
2019-02-22 15:57:50 [info][cw-gather/cmhga0] [
    'price' => '6416.00',
    'open' => '6380.00',
    'high' => '6425.50',
    'low' => '6359.00',
    'close' => '6380.00',
    'diff' => 36,
    'diff_rate' => '0.5643',
    'time' => '2019-02-22 15:57:42',
]
2019-02-22 15:57:51 [info][cw-gather/cmhga0] [
    'price' => '6416.00',
    'open' => '6380.00',
    'high' => '6425.50',
    'low' => '6359.00',
    'close' => '6380.00',
    'diff' => 36,
    'diff_rate' => '0.5643',
    'time' => '2019-02-22 15:57:42',
]
2019-02-22 15:57:52 [info][cw-gather/cmhga0] [
    'price' => '6416.00',
    'open' => '6380.00',
    'high' => '6425.50',
    'low' => '6359.00',
    'close' => '6380.00',
    'diff' => 36,
    'diff_rate' => '0.5643',
    'time' => '2019-02-22 15:57:42',
]
2019-02-22 15:57:55 [info][cw-gather/cmhga0] [
    'price' => '6416.00',
    'open' => '6380.00',
    'high' => '6425.50',
    'low' => '6359.00',
    'close' => '6380.00',
    'diff' => 36,
    'diff_rate' => '0.5643',
    'time' => '2019-02-22 15:57:50',
]
2019-02-22 15:57:56 [info][cw-gather/cmhga0] [
    'price' => '6416.00',
    'open' => '6380.00',
    'high' => '6425.50',
    'low' => '6359.00',
    'close' => '6380.00',
    'diff' => 36,
    'diff_rate' => '0.5643',
    'time' => '2019-02-22 15:57:50',
]
2019-02-22 15:57:57 [info][cw-gather/cmhga0] [
    'price' => '6416.00',
    'open' => '6380.00',
    'high' => '6425.50',
    'low' => '6359.00',
    'close' => '6380.00',
    'diff' => 36,
    'diff_rate' => '0.5643',
    'time' => '2019-02-22 15:57:50',
]
2019-02-22 15:58:00 [info][cw-gather/cmhga0] [
    'price' => '6417.00',
    'open' => '6380.00',
    'high' => '6425.50',
    'low' => '6359.00',
    'close' => '6380.00',
    'diff' => 37,
    'diff_rate' => '0.5799',
    'time' => '2019-02-22 15:57:54',
]
2019-02-22 15:58:01 [info][cw-gather/cmhga0] [
    'price' => '6417.00',
    'open' => '6380.00',
    'high' => '6425.50',
    'low' => '6359.00',
    'close' => '6380.00',
    'diff' => 37,
    'diff_rate' => '0.5799',
    'time' => '2019-02-22 15:57:54',
]
2019-02-22 15:58:01 [info][cw-gather/cmhga0] [
    'price' => '6417.00',
    'open' => '6380.00',
    'high' => '6425.50',
    'low' => '6359.00',
    'close' => '6380.00',
    'diff' => 37,
    'diff_rate' => '0.5799',
    'time' => '2019-02-22 15:57:54',
]
2019-02-22 15:58:02 [info][cw-gather/cmhga0] [
    'price' => '6417.00',
    'open' => '6380.00',
    'high' => '6425.50',
    'low' => '6359.00',
    'close' => '6380.00',
    'diff' => 37,
    'diff_rate' => '0.5799',
    'time' => '2019-02-22 15:57:54',
]
2019-02-22 15:58:03 [info][cw-gather/cmhga0] [
    'price' => '6417.00',
    'open' => '6380.00',
    'high' => '6425.50',
    'low' => '6359.00',
    'close' => '6380.00',
    'diff' => 37,
    'diff_rate' => '0.5799',
    'time' => '2019-02-22 15:57:54',
]
2019-02-22 15:58:04 [info][cw-gather/cmhga0] [
    'price' => '6417.50',
    'open' => '6380.00',
    'high' => '6425.50',
    'low' => '6359.00',
    'close' => '6380.00',
    'diff' => 37.5,
    'diff_rate' => '0.5878',
    'time' => '2019-02-22 15:57:58',
]
2019-02-22 15:58:04 [info][cw-gather/cmhga0] [
    'price' => '6417.50',
    'open' => '6380.00',
    'high' => '6425.50',
    'low' => '6359.00',
    'close' => '6380.00',
    'diff' => 37.5,
    'diff_rate' => '0.5878',
    'time' => '2019-02-22 15:57:58',
]
2019-02-22 15:58:05 [info][cw-gather/cmhga0] [
    'price' => '6417.50',
    'open' => '6380.00',
    'high' => '6425.50',
    'low' => '6359.00',
    'close' => '6380.00',
    'diff' => 37.5,
    'diff_rate' => '0.5878',
    'time' => '2019-02-22 15:57:58',
]
2019-02-22 15:58:06 [info][cw-gather/cmhga0] [
    'price' => '6417.50',
    'open' => '6380.00',
    'high' => '6425.50',
    'low' => '6359.00',
    'close' => '6380.00',
    'diff' => 37.5,
    'diff_rate' => '0.5878',
    'time' => '2019-02-22 15:57:58',
]
2019-02-22 15:58:06 [info][cw-gather/cmhga0] [
    'price' => '6417.50',
    'open' => '6380.00',
    'high' => '6425.50',
    'low' => '6359.00',
    'close' => '6380.00',
    'diff' => 37.5,
    'diff_rate' => '0.5878',
    'time' => '2019-02-22 15:57:58',
]
2019-02-22 15:58:07 [info][cw-gather/cmhga0] [
    'price' => '6417.50',
    'open' => '6380.00',
    'high' => '6425.50',
    'low' => '6359.00',
    'close' => '6380.00',
    'diff' => 37.5,
    'diff_rate' => '0.5878',
    'time' => '2019-02-22 15:57:58',
]
2019-02-22 15:58:07 [info][cw-gather/cmhga0] [
    'price' => '6417.50',
    'open' => '6380.00',
    'high' => '6425.50',
    'low' => '6359.00',
    'close' => '6380.00',
    'diff' => 37.5,
    'diff_rate' => '0.5878',
    'time' => '2019-02-22 15:57:58',
]
2019-02-22 15:58:08 [info][cw-gather/cmhga0] [
    'price' => '6417.50',
    'open' => '6380.00',
    'high' => '6425.50',
    'low' => '6359.00',
    'close' => '6380.00',
    'diff' => 37.5,
    'diff_rate' => '0.5878',
    'time' => '2019-02-22 15:57:58',
]
2019-02-22 15:58:09 [info][cw-gather/cmhga0] [
    'price' => '6417.00',
    'open' => '6380.00',
    'high' => '6425.50',
    'low' => '6359.00',
    'close' => '6380.00',
    'diff' => 37,
    'diff_rate' => '0.5799',
    'time' => '2019-02-22 15:58:03',
]
2019-02-22 15:58:10 [info][cw-gather/cmhga0] [
    'price' => '6417.00',
    'open' => '6380.00',
    'high' => '6425.50',
    'low' => '6359.00',
    'close' => '6380.00',
    'diff' => 37,
    'diff_rate' => '0.5799',
    'time' => '2019-02-22 15:58:03',
]
2019-02-22 15:58:10 [info][cw-gather/cmhga0] [
    'price' => '6417.00',
    'open' => '6380.00',
    'high' => '6425.50',
    'low' => '6359.00',
    'close' => '6380.00',
    'diff' => 37,
    'diff_rate' => '0.5799',
    'time' => '2019-02-22 15:58:03',
]
2019-02-22 15:58:11 [info][cw-gather/cmhga0] [
    'price' => '6417.00',
    'open' => '6380.00',
    'high' => '6425.50',
    'low' => '6359.00',
    'close' => '6380.00',
    'diff' => 37,
    'diff_rate' => '0.5799',
    'time' => '2019-02-22 15:58:03',
]
2019-02-22 15:58:11 [info][cw-gather/cmhga0] [
    'price' => '6417.00',
    'open' => '6380.00',
    'high' => '6425.50',
    'low' => '6359.00',
    'close' => '6380.00',
    'diff' => 37,
    'diff_rate' => '0.5799',
    'time' => '2019-02-22 15:58:03',
]
2019-02-22 15:58:12 [info][cw-gather/cmhga0] [
    'price' => '6417.00',
    'open' => '6380.00',
    'high' => '6425.50',
    'low' => '6359.00',
    'close' => '6380.00',
    'diff' => 37,
    'diff_rate' => '0.5799',
    'time' => '2019-02-22 15:58:03',
]
2019-02-22 15:58:14 [info][cw-gather/cmhga0] [
    'price' => '6416.00',
    'open' => '6380.00',
    'high' => '6425.50',
    'low' => '6359.00',
    'close' => '6380.00',
    'diff' => 36,
    'diff_rate' => '0.5643',
    'time' => '2019-02-22 15:58:10',
]
2019-02-22 15:58:16 [info][cw-gather/cmhga0] [
    'price' => '6416.00',
    'open' => '6380.00',
    'high' => '6425.50',
    'low' => '6359.00',
    'close' => '6380.00',
    'diff' => 36,
    'diff_rate' => '0.5643',
    'time' => '2019-02-22 15:58:10',
]
2019-02-22 15:58:17 [info][cw-gather/cmhga0] [
    'price' => '6416.00',
    'open' => '6380.00',
    'high' => '6425.50',
    'low' => '6359.00',
    'close' => '6380.00',
    'diff' => 36,
    'diff_rate' => '0.5643',
    'time' => '2019-02-22 15:58:10',
]
